<html>
<head>
<title>TestNG:  parameter2Demo</title>
<link href="../testng.css" rel="stylesheet" type="text/css" />
<link href="../my-testng.css" rel="stylesheet" type="text/css" />

<style type="text/css">
.log { display: none;} 
.stack-trace { display: none;} 
</style>
<script type="text/javascript">
<!--
function flip(e) {
  current = e.style.display;
  if (current == 'block') {
    e.style.display = 'none';
    return 0;
  }
  else {
    e.style.display = 'block';
    return 1;
  }
}

function toggleBox(szDivId, elem, msg1, msg2)
{
  var res = -1;  if (document.getElementById) {
    res = flip(document.getElementById(szDivId));
  }
  else if (document.all) {
    // this is the way old msie versions work
    res = flip(document.all[szDivId]);
  }
  if(elem) {
    if(res == 0) elem.innerHTML = msg1; else elem.innerHTML = msg2;
  }

}

function toggleAllBoxes() {
  if (document.getElementsByTagName) {
    d = document.getElementsByTagName('div');
    for (i = 0; i < d.length; i++) {
      if (d[i].className == 'log') {
        flip(d[i]);
      }
    }
  }
}

// -->
</script>

</head>
<body>
<h2 align='center'>parameter2Demo</h2><table border='1' align="center">
<tr>
<td>Tests passed/Failed/Skipped:</td><td>9/0/0</td>
</tr><tr>
<td>Started on:</td><td>Fri Jul 03 00:45:05 IST 2020</td>
</tr>
<tr><td>Total time:</td><td>0 seconds (74 ms)</td>
</tr><tr>
<td>Included groups:</td><td></td>
</tr><tr>
<td>Excluded groups:</td><td></td>
</tr>
</table><p/>
<small><i>(Hover the method name to see the test class name)</i></small><p/>
<table width='100%' border='1' class='invocation-failed'>
<tr><td colspan='4' align='center'><b>FAILED TESTS</b></td></tr>
<tr><td><b>Test method</b></td>
<td width="30%"><b>Exception</b></td>
<td width="10%"><b>Time (seconds)</b></td>
<td><b>Instance</b></td>
</tr>
<tr>
<td title='testNGDemo.TestDemo1.signUp()'><b>signUp</b><br>Test class: testNGDemo.TestDemo1</td>
<td><div><pre>org.testng.TestNGException: 
Parameter &apos;URL&apos; is required by @Test on method signUp but has not been marked @Optional or defined
in D:\JavaWorkspace\RahulShettyTraining\parameterisation.xml
	at java.base/java.util.ArrayList.forEach(ArrayList.java:1510)
... Removed 26 stack frames</pre></div><a href='#' onClick='toggleBox("stack-trace1287934450", this, "Click to show all stack frames", "Click to hide stack frames")'>Click to show all stack frames</a>
<div class='stack-trace' id='stack-trace1287934450'><pre>org.testng.TestNGException: 
Parameter &apos;URL&apos; is required by @Test on method signUp but has not been marked @Optional or defined
in D:\JavaWorkspace\RahulShettyTraining\parameterisation.xml
	at org.testng.internal.Parameters.createParams(Parameters.java:272)
	at org.testng.internal.Parameters.createParametersForMethod(Parameters.java:360)
	at org.testng.internal.Parameters.createParameters(Parameters.java:704)
	at org.testng.internal.Parameters.handleParameters(Parameters.java:879)
	at org.testng.internal.Parameters.handleParameters(Parameters.java:744)
	at org.testng.internal.ParameterHandler.handleParameters(ParameterHandler.java:59)
	at org.testng.internal.ParameterHandler.createParameters(ParameterHandler.java:38)
	at org.testng.internal.TestInvoker$MethodInvocationAgent.invoke(TestInvoker.java:783)
	at org.testng.internal.TestInvoker.invokeTestMethods(TestInvoker.java:146)
	at org.testng.internal.TestMethodWorker.invokeTestMethods(TestMethodWorker.java:146)
	at org.testng.internal.TestMethodWorker.run(TestMethodWorker.java:128)
	at java.base/java.util.ArrayList.forEach(ArrayList.java:1510)
	at org.testng.TestRunner.privateRun(TestRunner.java:766)
	at org.testng.TestRunner.run(TestRunner.java:587)
	at org.testng.SuiteRunner.runTest(SuiteRunner.java:384)
	at org.testng.SuiteRunner.runSequentially(SuiteRunner.java:378)
	at org.testng.SuiteRunner.privateRun(SuiteRunner.java:337)
	at org.testng.SuiteRunner.run(SuiteRunner.java:286)
	at org.testng.SuiteRunnerWorker.runSuite(SuiteRunnerWorker.java:53)
	at org.testng.SuiteRunnerWorker.run(SuiteRunnerWorker.java:96)
	at org.testng.TestNG.runSuitesSequentially(TestNG.java:1187)
	at org.testng.TestNG.runSuitesLocally(TestNG.java:1109)
	at org.testng.TestNG.runSuites(TestNG.java:1039)
	at org.testng.TestNG.run(TestNG.java:1007)
	at org.testng.remote.AbstractRemoteTestNG.run(AbstractRemoteTestNG.java:115)
	at org.testng.remote.RemoteTestNG.initAndRun(RemoteTestNG.java:251)
	at org.testng.remote.RemoteTestNG.main(RemoteTestNG.java:77)
</pre></div></td>
<td>0</td>
<td>testNGDemo.TestDemo1@527e5409</td></tr>
</table><p>
<table width='100%' border='1' class='invocation-passed'>
<tr><td colspan='4' align='center'><b>PASSED TESTS</b></td></tr>
<tr><td><b>Test method</b></td>
<td width="30%"><b>Exception</b></td>
<td width="10%"><b>Time (seconds)</b></td>
<td><b>Instance</b></td>
</tr>
<tr>
<td title='testNGDemo.TestDemo4.atest1()'><b>atest1</b><br>Test class: testNGDemo.TestDemo4</td>
<td></td>
<td>0</td>
<td>testNGDemo.TestDemo4@6973bf95</td></tr>
<tr>
<td title='testNGDemo.TestDemo2.login()'><b>login</b><br>Test class: testNGDemo.TestDemo2<br>Parameters: Divya, 12345</td>
<td></td>
<td>0</td>
<td>testNGDemo.TestDemo2@2cbb3d47</td></tr>
<tr>
<td title='testNGDemo.TestDemo3.login()'><b>login</b><br>Test class: testNGDemo.TestDemo3<br>Parameters: Kiara, 98765</td>
<td></td>
<td>0</td>
<td>testNGDemo.TestDemo3@6ce139a4</td></tr>
<tr>
<td title='testNGDemo.TestDemo1.signUp()'><b>signUp</b><br>Test class: testNGDemo.TestDemo1<br>Parameters: Kiara, kiara.com</td>
<td></td>
<td>0</td>
<td>testNGDemo.TestDemo1@2ddc8ecb</td></tr>
<tr>
<td title='testNGDemo.TestDemo4.signUpDetails()'><b>signUpDetails</b><br>Test class: testNGDemo.TestDemo4<br>Parameters: Kiara</td>
<td></td>
<td>0</td>
<td>testNGDemo.TestDemo4@6973bf95</td></tr>
<tr>
<td title='testNGDemo.TestDemo4.test()'><b>test</b><br>Test class: testNGDemo.TestDemo4</td>
<td></td>
<td>0</td>
<td>testNGDemo.TestDemo4@6973bf95</td></tr>
<tr>
<td title='testNGDemo.TestDemo1.testCase1()'><b>testCase1</b><br>Test class: testNGDemo.TestDemo1</td>
<td></td>
<td>0</td>
<td>testNGDemo.TestDemo1@527e5409</td></tr>
<tr>
<td title='testNGDemo.TestDemo1.testCase1()'><b>testCase1</b><br>Test class: testNGDemo.TestDemo1</td>
<td></td>
<td>0</td>
<td>testNGDemo.TestDemo1@2ddc8ecb</td></tr>
<tr>
<td title='testNGDemo.TestDemo1.testCase2()'><b>testCase2</b><br>Test class: testNGDemo.TestDemo1</td>
<td></td>
<td>0</td>
<td>testNGDemo.TestDemo1@527e5409</td></tr>
<tr>
<td title='testNGDemo.TestDemo1.testCase2()'><b>testCase2</b><br>Test class: testNGDemo.TestDemo1</td>
<td></td>
<td>0</td>
<td>testNGDemo.TestDemo1@2ddc8ecb</td></tr>
<tr>
<td title='testNGDemo.TestDemo2.testCase21()'><b>testCase21</b><br>Test class: testNGDemo.TestDemo2</td>
<td></td>
<td>0</td>
<td>testNGDemo.TestDemo2@2cbb3d47</td></tr>
<tr>
<td title='testNGDemo.TestDemo2.testCase22()'><b>testCase22</b><br>Test class: testNGDemo.TestDemo2</td>
<td></td>
<td>0</td>
<td>testNGDemo.TestDemo2@2cbb3d47</td></tr>
<tr>
<td title='testNGDemo.TestDemo3.testCase31()'><b>testCase31</b><br>Test class: testNGDemo.TestDemo3</td>
<td></td>
<td>0</td>
<td>testNGDemo.TestDemo3@6ce139a4</td></tr>
<tr>
<td title='testNGDemo.TestDemo3.testCase32()'><b>testCase32</b><br>Test class: testNGDemo.TestDemo3</td>
<td></td>
<td>0</td>
<td>testNGDemo.TestDemo3@6ce139a4</td></tr>
</table><p>
</body>
</html>