<?xml version="1.0" encoding="UTF-8"?>
<!-- Generated by org.testng.reporters.JUnitXMLReporter -->
<testsuite ignored="0" hostname="DESKTOP-Q8UPSCI" failures="1" tests="3" name="Test" time="0.105" errors="0" timestamp="2020-07-04T09:25:55 IST">
  <testcase classname="testNGDemo.TestDemo4" name="atest1" time="0.015"/>
  <testcase classname="testNGDemo.TestDemo4" name="signUpDetails" time="0.0">
    <failure type="org.testng.TestNGException" message="
Parameter &amp;apos;User&amp;apos; is required by @Test on method signUpDetails but has not been marked @Optional or defined
in D:\JavaWorkspace\RahulShettyTraining\AllAnnotations.xml">
      <![CDATA[org.testng.TestNGException: 
Parameter 'User' is required by @Test on method signUpDetails but has not been marked @Optional or defined
in D:\JavaWorkspace\RahulShettyTraining\AllAnnotations.xml
at java.base/java.util.ArrayList.forEach(ArrayList.java:1510)
... Removed 26 stack frames]]>
    </failure>
  </testcase> <!-- signUpDetails -->
  <testcase classname="testNGDemo.TestDemo4" name="test" time="0.011"/>
</testsuite> <!-- Test -->
